2024-03-26 14:08:20,626 [INFO] Activator:176 - 


2024-03-26 14:08:20,628 [INFO] Activator:177 - !SESSION log4j initialized
2024-03-26 14:08:23,162 [INFO] LogOutputStream:77 - [STDOUT_REDIRECT] 
2024-03-26 14:08:29,879 [INFO] ApplicationProperties:184 - Using Application install path: C:\ST\STM32CubeIDE_1.14.1\STM32CubeIDE\plugins\com.st.stm32cube.common.mx_6.10.0.202311202037
2024-03-26 14:08:29,904 [INFO] DbMcusXml:78 - Set database path to: C:\ST\STM32CubeIDE_1.14.1\STM32CubeIDE\plugins\com.st.stm32cube.common.mx_6.10.0.202311202037\\db\/mcu/
2024-03-26 14:08:29,905 [INFO] ApiDb:274 - Set plugin database path to: C:\ST\STM32CubeIDE_1.14.1\STM32CubeIDE\plugins\com.st.stm32cube.common.mx_6.10.0.202311202037\\db\/plugins/boardmanager/
2024-03-26 14:08:29,905 [WARN] ApiDb:259 - Overriding images path with different value:  => C:\ST\STM32CubeIDE_1.14.1\STM32CubeIDE\plugins\com.st.stm32cube.common.mx_6.10.0.202311202037\\db\/plugins/mcufinder/images/
2024-03-26 14:08:29,913 [INFO] ApiDb:250 - Set database path to: C:\Users\wush0\.stmcufinder\plugins\mcufinder//mcu/
2024-03-26 14:08:29,914 [INFO] DbMcusAds:125 - Set database path to: C:\Users\wush0\.stmcufinder\plugins\mcufinder//mcu/
2024-03-26 14:08:29,917 [INFO] CrossReferenceDbSqlite:203 - Set database path to: C:\Users\wush0\.stmcufinder\plugins\mcufinder//mcu/cs/
2024-03-26 14:08:30,128 [INFO] RulesReader:64 - Compatibility file has been processed (297 Rules)
2024-03-26 14:08:30,221 [INFO] DbMcusXml:78 - Set database path to: C:\ST\STM32CubeIDE_1.14.1\STM32CubeIDE\plugins\com.st.stm32cube.common.mx_6.10.0.202311202037\\db\/mcu/
2024-03-26 14:08:30,221 [INFO] ApiDb:274 - Set plugin database path to: C:\ST\STM32CubeIDE_1.14.1\STM32CubeIDE\plugins\com.st.stm32cube.common.mx_6.10.0.202311202037\\db\/plugins/boardmanager/
2024-03-26 14:08:30,221 [INFO] ApiDb:261 - Set plugin images path to: C:\ST\STM32CubeIDE_1.14.1\STM32CubeIDE\plugins\com.st.stm32cube.common.mx_6.10.0.202311202037\\db\/plugins/mcufinder/images/
2024-03-26 14:08:30,221 [WARN] DbFile:41 - Overriding database path with different value: C:\Users\wush0\.stmcufinder\plugins\mcufinder/ => C:\Users\wush0\.stmcufinder\plugins\mcufinder
2024-03-26 14:08:30,222 [INFO] ApiDb:250 - Set database path to: C:\Users\wush0\.stmcufinder\plugins\mcufinder//mcu/
2024-03-26 14:08:30,222 [WARN] DbFile:41 - Overriding database path with different value: C:\Users\wush0\.stmcufinder\plugins\mcufinder/ => C:\Users\wush0\.stmcufinder\plugins\mcufinder
2024-03-26 14:08:30,222 [INFO] DbMcusAds:125 - Set database path to: C:\Users\wush0\.stmcufinder\plugins\mcufinder//mcu/
2024-03-26 14:08:30,222 [WARN] DbFile:41 - Overriding database path with different value: C:\Users\wush0\.stmcufinder\plugins\mcufinder/ => C:\Users\wush0\.stmcufinder\plugins\mcufinder
2024-03-26 14:08:30,222 [WARN] DbFile:41 - Overriding database path with different value: C:\Users\wush0\.stmcufinder\plugins\mcufinder/ => C:\Users\wush0\.stmcufinder\plugins\mcufinder
2024-03-26 14:08:30,222 [INFO] CrossReferenceDbSqlite:203 - Set database path to: C:\Users\wush0\.stmcufinder\plugins\mcufinder//mcu/cs/
2024-03-26 14:08:30,299 [INFO] MainPanel:264 - HeapMemory: 268435456
2024-03-26 14:08:30,389 [INFO] DbMcusXml:78 - Set database path to: C:\ST\STM32CubeIDE_1.14.1\STM32CubeIDE\plugins\com.st.stm32cube.common.mx_6.10.0.202311202037\\db\/mcu/
2024-03-26 14:08:30,389 [INFO] ApiDb:274 - Set plugin database path to: C:\ST\STM32CubeIDE_1.14.1\STM32CubeIDE\plugins\com.st.stm32cube.common.mx_6.10.0.202311202037\\db\/plugins/boardmanager/
2024-03-26 14:08:30,389 [INFO] ApiDb:261 - Set plugin images path to: C:\ST\STM32CubeIDE_1.14.1\STM32CubeIDE\plugins\com.st.stm32cube.common.mx_6.10.0.202311202037\\db\/plugins/mcufinder/images/
2024-03-26 14:08:30,390 [WARN] DbFile:41 - Overriding database path with different value: C:\Users\wush0\.stmcufinder\plugins\mcufinder/ => C:\Users\wush0\.stmcufinder\plugins\mcufinder
2024-03-26 14:08:30,390 [INFO] ApiDb:250 - Set database path to: C:\Users\wush0\.stmcufinder\plugins\mcufinder//mcu/
2024-03-26 14:08:30,390 [WARN] DbFile:41 - Overriding database path with different value: C:\Users\wush0\.stmcufinder\plugins\mcufinder/ => C:\Users\wush0\.stmcufinder\plugins\mcufinder
2024-03-26 14:08:30,390 [INFO] DbMcusAds:125 - Set database path to: C:\Users\wush0\.stmcufinder\plugins\mcufinder//mcu/
2024-03-26 14:08:30,391 [WARN] DbFile:41 - Overriding database path with different value: C:\Users\wush0\.stmcufinder\plugins\mcufinder/ => C:\Users\wush0\.stmcufinder\plugins\mcufinder
2024-03-26 14:08:30,391 [WARN] DbFile:41 - Overriding database path with different value: C:\Users\wush0\.stmcufinder\plugins\mcufinder/ => C:\Users\wush0\.stmcufinder\plugins\mcufinder
2024-03-26 14:08:30,391 [INFO] CrossReferenceDbSqlite:203 - Set database path to: C:\Users\wush0\.stmcufinder\plugins\mcufinder//mcu/cs/
2024-03-26 14:08:30,408 [INFO] ApplicationProperties:184 - Using Application install path: C:\ST\STM32CubeIDE_1.14.1\STM32CubeIDE\plugins\com.st.stm32cube.common.mx_6.10.0.202311202037
2024-03-26 14:08:30,410 [INFO] PluginManage:196 - Search for loadable plugins [exclusion list=, ]
2024-03-26 14:08:30,411 [INFO] PluginManage:310 - Check plugin analytics
2024-03-26 14:08:35,592 [INFO] AnalyticsPlugin:253 - Accepted Software Licenses: 
2024-03-26 14:08:35,592 [INFO] AnalyticsPlugin:255 - Accepted CMSIS Pack Licenses: 
2024-03-26 14:08:35,592 [INFO] AnalyticsPlugin:257 - Accepted Firmware Licenses: 
2024-03-26 14:08:35,596 [INFO] PluginManage:359 - Loaded plugin analytics (category:tool,tabindex:-1)
2024-03-26 14:08:35,596 [INFO] PluginManage:310 - Check plugin cadmodel
2024-03-26 14:08:35,600 [INFO] CADModel:105 - Init CAD model plugin
2024-03-26 14:08:35,600 [INFO] PluginManage:359 - Loaded plugin cadmodel (category:power,tabindex:5)
2024-03-26 14:08:35,600 [INFO] PluginManage:310 - Check plugin clock
2024-03-26 14:08:35,610 [INFO] PluginManage:359 - Loaded plugin clock (category:base,tabindex:2)
2024-03-26 14:08:35,611 [INFO] PluginManage:310 - Check plugin ddr
2024-03-26 14:08:35,613 [INFO] PluginManage:359 - Loaded plugin ddr (category:tool,tabindex:6)
2024-03-26 14:08:35,613 [INFO] PluginManage:310 - Check plugin filemanager
2024-03-26 14:08:35,802 [INFO] PluginManage:359 - Loaded plugin filemanager (category:base,tabindex:10)
2024-03-26 14:08:35,802 [INFO] PluginManage:310 - Check plugin ipmanager
2024-03-26 14:08:35,810 [INFO] PluginManage:359 - Loaded plugin ipmanager (category:base,tabindex:5)
2024-03-26 14:08:35,810 [INFO] PluginManage:310 - Check plugin lpbam
2024-03-26 14:08:35,819 [INFO] PluginManage:359 - Loaded plugin lpbam (category:base,tabindex:0)
2024-03-26 14:08:35,819 [INFO] PluginManage:310 - Check plugin memorymap
2024-03-26 14:08:35,833 [INFO] PluginManage:359 - Loaded plugin memorymap (category:base,tabindex:4)
2024-03-26 14:08:35,833 [INFO] PluginManage:310 - Check plugin pinoutandconfiguration
2024-03-26 14:08:35,839 [INFO] PluginManage:359 - Loaded plugin pinoutandconfiguration (category:base,tabindex:1)
2024-03-26 14:08:35,839 [INFO] PluginManage:310 - Check plugin pinoutconfig
2024-03-26 14:08:35,916 [WARN] SupportedApi:132 - Cannot load RTOS API schema: s4s-elt-must-match.1: The content of 'definitions' must match (annotation?, (simpleType | complexType)?, (unique | key | keyref)*)). A problem was found starting at: attribute.
2024-03-26 14:08:36,035 [INFO] PluginManage:359 - Loaded plugin pinoutconfig (category:base,tabindex:0)
2024-03-26 14:08:36,035 [INFO] PluginManage:310 - Check plugin power
2024-03-26 14:08:36,046 [INFO] PluginManage:359 - Loaded plugin power (category:power,tabindex:4)
2024-03-26 14:08:36,046 [INFO] PluginManage:310 - Check plugin projectmanager
2024-03-26 14:08:36,061 [INFO] PluginManage:359 - Loaded plugin projectmanager (category:projectmanager,tabindex:3)
2024-03-26 14:08:36,061 [INFO] PluginManage:310 - Check plugin thirdparty
2024-03-26 14:08:36,175 [INFO] PluginManage:359 - Loaded plugin thirdparty (category:base,tabindex:-1)
2024-03-26 14:08:36,175 [INFO] PluginManage:310 - Check plugin tools
2024-03-26 14:08:36,175 [WARN] IntegrityCheckThread:84 - waiting for thirdparty lock release [integrity check]
2024-03-26 14:08:36,176 [INFO] IntegrityCheckThread:86 - entering critical section [integrity check]
2024-03-26 14:08:36,176 [INFO] ThirdPartyUpdaterWithRetryManager:70 - Updater plugin not ready yet. [1/15]
2024-03-26 14:08:36,179 [INFO] PluginManage:359 - Loaded plugin tools (category:base,tabindex:7)
2024-03-26 14:08:36,179 [INFO] PluginManage:310 - Check plugin tutovideos
2024-03-26 14:08:36,327 [INFO] PluginManage:359 - Loaded plugin tutovideos (category:base,tabindex:-1)
2024-03-26 14:08:36,328 [INFO] PluginManage:310 - Check plugin updater
2024-03-26 14:08:36,342 [INFO] PluginManage:359 - Loaded plugin updater (category:base,tabindex:12)
2024-03-26 14:08:36,342 [INFO] PluginManage:310 - Check plugin userauth
2024-03-26 14:08:36,347 [INFO] UserAuth:114 - Init User Auth plugin
2024-03-26 14:08:36,347 [INFO] PluginManage:359 - Loaded plugin userauth (category:base,tabindex:14)
2024-03-26 14:08:36,347 [INFO] PluginManage:283 - PluginManage : Loaded plugins [17]
2024-03-26 14:08:36,613 [INFO] PinOutPanel:1499 - setPackage(No Configuration,No Configuration)
2024-03-26 14:08:36,687 [INFO] CADModel:165 - CPN selected for project level
2024-03-26 14:08:36,687 [INFO] CADModel:114 - Register for checkConnection events
2024-03-26 14:08:36,703 [INFO] IPUIPlugin:80 - create IPUIPlugin
2024-03-26 14:08:36,703 [INFO] PluginManager:220 - loadIPPluginJar : add adc
2024-03-26 14:08:36,705 [INFO] IPUIPlugin:80 - create IPUIPlugin
2024-03-26 14:08:36,705 [INFO] PluginManager:220 - loadIPPluginJar : add aes
2024-03-26 14:08:36,707 [INFO] IPUIPlugin:80 - create IPUIPlugin
2024-03-26 14:08:36,707 [INFO] PluginManager:220 - loadIPPluginJar : add can
2024-03-26 14:08:36,708 [INFO] IPUIPlugin:80 - create IPUIPlugin
2024-03-26 14:08:36,708 [INFO] PluginManager:220 - loadIPPluginJar : add comp
2024-03-26 14:08:36,710 [INFO] IPUIPlugin:80 - create IPUIPlugin
2024-03-26 14:08:36,710 [INFO] PluginManager:220 - loadIPPluginJar : add cryp
2024-03-26 14:08:36,712 [INFO] IPUIPlugin:80 - create IPUIPlugin
2024-03-26 14:08:36,712 [INFO] PluginManager:220 - loadIPPluginJar : add dfsdm
2024-03-26 14:08:36,716 [INFO] IPUIPlugin:80 - create IPUIPlugin
2024-03-26 14:08:36,717 [INFO] PluginManager:220 - loadIPPluginJar : add dma
2024-03-26 14:08:36,719 [INFO] IPUIPlugin:80 - create IPUIPlugin
2024-03-26 14:08:36,719 [INFO] PluginManager:220 - loadIPPluginJar : add dma3
2024-03-26 14:08:36,720 [INFO] IPUIPlugin:80 - create IPUIPlugin
2024-03-26 14:08:36,720 [INFO] PluginManager:220 - loadIPPluginJar : add fatfs
2024-03-26 14:08:36,724 [INFO] IPUIPlugin:80 - create IPUIPlugin
2024-03-26 14:08:36,724 [INFO] PluginManager:220 - loadIPPluginJar : add fmc
2024-03-26 14:08:36,728 [INFO] IPUIPlugin:80 - create IPUIPlugin
2024-03-26 14:08:36,728 [INFO] PluginManager:220 - loadIPPluginJar : add freertos
2024-03-26 14:08:36,729 [INFO] IPUIPlugin:80 - create IPUIPlugin
2024-03-26 14:08:36,729 [INFO] PluginManager:220 - loadIPPluginJar : add genericplugin
2024-03-26 14:08:36,731 [INFO] IPUIPlugin:80 - create IPUIPlugin
2024-03-26 14:08:36,731 [INFO] PluginManager:220 - loadIPPluginJar : add gfxmmu
2024-03-26 14:08:36,734 [INFO] IPUIPlugin:80 - create IPUIPlugin
2024-03-26 14:08:36,734 [INFO] PluginManager:220 - loadIPPluginJar : add gic
2024-03-26 14:08:36,737 [INFO] IPUIPlugin:80 - create IPUIPlugin
2024-03-26 14:08:36,737 [INFO] PluginManager:220 - loadIPPluginJar : add gpio
2024-03-26 14:08:36,739 [INFO] IPUIPlugin:80 - create IPUIPlugin
2024-03-26 14:08:36,739 [INFO] PluginManager:220 - loadIPPluginJar : add gtzc
2024-03-26 14:08:36,740 [INFO] IPUIPlugin:80 - create IPUIPlugin
2024-03-26 14:08:36,740 [INFO] PluginManager:220 - loadIPPluginJar : add hash
2024-03-26 14:08:36,742 [INFO] IPUIPlugin:80 - create IPUIPlugin
2024-03-26 14:08:36,742 [INFO] PluginManager:220 - loadIPPluginJar : add i2c
2024-03-26 14:08:36,743 [INFO] IPUIPlugin:80 - create IPUIPlugin
2024-03-26 14:08:36,743 [INFO] PluginManager:220 - loadIPPluginJar : add i2s
2024-03-26 14:08:36,745 [INFO] IPUIPlugin:80 - create IPUIPlugin
2024-03-26 14:08:36,745 [INFO] PluginManager:220 - loadIPPluginJar : add i3c
2024-03-26 14:08:36,747 [INFO] IPUIPlugin:80 - create IPUIPlugin
2024-03-26 14:08:36,747 [INFO] PluginManager:220 - loadIPPluginJar : add ipddr
2024-03-26 14:08:36,752 [INFO] IPUIPlugin:80 - create IPUIPlugin
2024-03-26 14:08:36,752 [INFO] PluginManager:220 - loadIPPluginJar : add linkedlist
2024-03-26 14:08:36,754 [INFO] IPUIPlugin:80 - create IPUIPlugin
2024-03-26 14:08:36,754 [INFO] PluginManager:220 - loadIPPluginJar : add lorawan
2024-03-26 14:08:36,755 [INFO] IPUIPlugin:80 - create IPUIPlugin
2024-03-26 14:08:36,756 [INFO] PluginManager:220 - loadIPPluginJar : add ltdc
2024-03-26 14:08:36,760 [INFO] IPUIPlugin:80 - create IPUIPlugin
2024-03-26 14:08:36,760 [INFO] PluginManager:220 - loadIPPluginJar : add mdma
2024-03-26 14:08:36,763 [INFO] IPUIPlugin:80 - create IPUIPlugin
2024-03-26 14:08:36,763 [INFO] PluginManager:220 - loadIPPluginJar : add nvic
2024-03-26 14:08:36,765 [INFO] IPUIPlugin:80 - create IPUIPlugin
2024-03-26 14:08:36,766 [INFO] PluginManager:220 - loadIPPluginJar : add opamp
2024-03-26 14:08:36,768 [INFO] IPUIPlugin:80 - create IPUIPlugin
2024-03-26 14:08:36,768 [INFO] PluginManager:220 - loadIPPluginJar : add openamp
2024-03-26 14:08:36,770 [INFO] IPUIPlugin:80 - create IPUIPlugin
2024-03-26 14:08:36,770 [INFO] PluginManager:220 - loadIPPluginJar : add pdm2pcm
2024-03-26 14:08:36,776 [INFO] IPUIPlugin:80 - create IPUIPlugin
2024-03-26 14:08:36,779 [INFO] PluginManager:220 - loadIPPluginJar : add plateformsettings
2024-03-26 14:08:36,780 [INFO] IPUIPlugin:80 - create IPUIPlugin
2024-03-26 14:08:36,780 [INFO] PluginManager:220 - loadIPPluginJar : add quadspi
2024-03-26 14:08:36,783 [INFO] IPUIPlugin:80 - create IPUIPlugin
2024-03-26 14:08:36,783 [INFO] PluginManager:220 - loadIPPluginJar : add resmgrutility
2024-03-26 14:08:36,786 [INFO] IPUIPlugin:80 - create IPUIPlugin
2024-03-26 14:08:36,786 [INFO] PluginManager:220 - loadIPPluginJar : add sai
2024-03-26 14:08:36,788 [INFO] IPUIPlugin:80 - create IPUIPlugin
2024-03-26 14:08:36,788 [INFO] PluginManager:220 - loadIPPluginJar : add spi
2024-03-26 14:08:36,792 [INFO] IPUIPlugin:80 - create IPUIPlugin
2024-03-26 14:08:36,792 [INFO] PluginManager:220 - loadIPPluginJar : add stm32_wpan
2024-03-26 14:08:36,793 [INFO] IPUIPlugin:80 - create IPUIPlugin
2024-03-26 14:08:36,793 [INFO] PluginManager:220 - loadIPPluginJar : add tim
2024-03-26 14:08:36,796 [INFO] IPUIPlugin:80 - create IPUIPlugin
2024-03-26 14:08:36,796 [INFO] PluginManager:220 - loadIPPluginJar : add touchsensing
2024-03-26 14:08:36,799 [INFO] IPUIPlugin:80 - create IPUIPlugin
2024-03-26 14:08:36,799 [INFO] PluginManager:220 - loadIPPluginJar : add tracer_emb
2024-03-26 14:08:36,801 [INFO] IPUIPlugin:80 - create IPUIPlugin
2024-03-26 14:08:36,801 [INFO] PluginManager:220 - loadIPPluginJar : add ts
2024-03-26 14:08:36,802 [INFO] IPUIPlugin:80 - create IPUIPlugin
2024-03-26 14:08:36,802 [INFO] PluginManager:220 - loadIPPluginJar : add tsc
2024-03-26 14:08:36,804 [INFO] IPUIPlugin:80 - create IPUIPlugin
2024-03-26 14:08:36,804 [INFO] PluginManager:220 - loadIPPluginJar : add ucpd
2024-03-26 14:08:36,806 [INFO] IPUIPlugin:80 - create IPUIPlugin
2024-03-26 14:08:36,806 [INFO] PluginManager:220 - loadIPPluginJar : add usart
2024-03-26 14:08:36,808 [INFO] IPUIPlugin:80 - create IPUIPlugin
2024-03-26 14:08:36,808 [INFO] PluginManager:220 - loadIPPluginJar : add usbx
2024-03-26 14:08:36,940 [INFO] CADModel:165 - CPN selected for project level
2024-03-26 14:08:36,940 [INFO] CADModel:114 - Register for checkConnection events
2024-03-26 14:08:36,941 [FATAL] Updater:308 - Updater called before beeing initialized
2024-03-26 14:08:36,941 [ERROR] CADModel:125 - Updater not yet initialized, retry later 
2024-03-26 14:08:37,113 [INFO] CADModel:165 - CPN selected for project level
2024-03-26 14:08:37,113 [INFO] CADModel:114 - Register for checkConnection events
2024-03-26 14:08:37,113 [FATAL] Updater:308 - Updater called before beeing initialized
2024-03-26 14:08:37,113 [ERROR] CADModel:125 - Updater not yet initialized, retry later 
2024-03-26 14:08:37,116 [FATAL] Updater:308 - Updater called before beeing initialized
2024-03-26 14:08:37,213 [FATAL] Updater:308 - Updater called before beeing initialized
2024-03-26 14:08:37,218 [INFO] DbMcusAds:53 - JSON generation date=Wed Nov 29 17:52:27 ICT 2023 (1701255147349)
2024-03-26 14:08:37,219 [FATAL] Updater:308 - Updater called before beeing initialized
2024-03-26 14:08:37,254 [WARN] DetailPanel:346 - Failed to get advertising image, set to default
2024-03-26 14:08:37,342 [FATAL] Updater:308 - Updater called before beeing initialized
2024-03-26 14:08:37,343 [FATAL] Updater:308 - Updater called before beeing initialized
2024-03-26 14:08:37,343 [FATAL] Updater:308 - Updater called before beeing initialized
2024-03-26 14:08:37,343 [WARN] DetailPanel:346 - Failed to get advertising image, set to default
2024-03-26 14:08:37,344 [FATAL] Updater:308 - Updater called before beeing initialized
2024-03-26 14:08:37,398 [ERROR] Updater:1120 - MainUpdater not yet initialized. External WinMGr cannot be set.
2024-03-26 14:08:37,401 [INFO] Updater:1056 - Updater Version found : 6.10.0
2024-03-26 14:08:37,417 [INFO] ApplicationProperties:184 - Using Application install path: C:\ST\STM32CubeIDE_1.14.1\STM32CubeIDE\plugins\com.st.stm32cube.common.mx_6.10.0.202311202037
2024-03-26 14:08:37,883 [INFO] MainUpdater:2873 - connection check result : 10
2024-03-26 14:08:37,884 [INFO] MainUpdater:290 - Updater Check For Update Now.
2024-03-26 14:08:37,884 [INFO] MicroXplorer:498 - Change Database Version : DB.6.0.100
2024-03-26 14:08:37,892 [INFO] McuFinderGlobals:63 - Set McuFinder mode to 2 (CubeIDE integrated)
2024-03-26 14:08:38,125 [INFO] CheckServerUpdateThread:120 - End of CheckServer Thread
2024-03-26 14:08:38,147 [INFO] UserAuth:404 - Internet connection configuration mode: 1
2024-03-26 14:08:38,170 [INFO] JxBrowserEngine:152 - Initiate JxBrowser Engine with user profile folder
2024-03-26 14:08:38,701 [INFO] WebApp:161 - Instantiating new browser for Auth
2024-03-26 14:08:39,286 [INFO] WebApp:780 - Register for checkConnection events
2024-03-26 14:08:39,286 [INFO] WebApp:414 - Apply proxy settings
2024-03-26 14:08:39,286 [INFO] WebApp:499 - Chromium requires no authentication
2024-03-26 14:08:39,299 [INFO] WebApp:442 - Direct internet connection detected
2024-03-26 14:08:39,369 [WARN] PackLoader:240 - Cannot read IP mode file for STMicroelectronics.X-CUBE-SMBUS.2.1.0
2024-03-26 14:08:39,379 [WARN] PackLoader:240 - Cannot read IP mode file for STMicroelectronics.X-CUBE-TOUCHGFX.4.23.0
2024-03-26 14:08:39,415 [WARN] PackLoader:240 - Cannot read IP mode file for STMicroelectronics.X-CUBE-AZRTOS-F7.1.1.0
2024-03-26 14:08:39,425 [WARN] PackLoader:240 - Cannot read IP mode file for STMicroelectronics.FP-SNS-MOTENV1.4.3.2
2024-03-26 14:08:39,432 [WARN] PackLoader:240 - Cannot read IP mode file for STMicroelectronics.FP-SNS-FLIGHT1.5.0.2
2024-03-26 14:08:39,442 [WARN] PackLoader:240 - Cannot read IP mode file for STMicroelectronics.X-CUBE-DISPLAY.3.0.0
2024-03-26 14:08:39,458 [WARN] PackLoader:240 - Cannot read IP mode file for STMicroelectronics.X-CUBE-BLE1.7.0.0
2024-03-26 14:08:39,465 [WARN] PackLoader:240 - Cannot read IP mode file for emotas.I-CUBE-CANOPEN.1.3.0
2024-03-26 14:08:39,478 [WARN] PackLoader:240 - Cannot read IP mode file for STMicroelectronics.X-CUBE-BLEMGR.3.1.0
2024-03-26 14:08:39,485 [WARN] PackLoader:240 - Cannot read IP mode file for STMicroelectronics.FP-SNS-SMARTAG2.1.2.0
2024-03-26 14:08:39,498 [INFO] LogOutputStream:77 - [STDOUT_REDIRECT] 1 : Invalid condition id : UX_CORESTACK_Condition cause : null
2024-03-26 14:08:39,499 [INFO] LogOutputStream:77 - [STDOUT_REDIRECT] 1 : Invalid condition id : UX_CORESTACK_Condition cause : null
2024-03-26 14:08:39,501 [INFO] LogOutputStream:77 - [STDOUT_REDIRECT] 1 : Invalid condition id : UX_CORESTACK_Condition cause : null
2024-03-26 14:08:39,502 [INFO] LogOutputStream:77 - [STDOUT_REDIRECT] 1 : Invalid condition id : UX_CORESTACK_Condition cause : null
2024-03-26 14:08:39,504 [INFO] LogOutputStream:77 - [STDOUT_REDIRECT] 1 : Invalid condition id : UX_CORESTACK_Condition cause : null
2024-03-26 14:08:39,510 [WARN] PackLoader:240 - Cannot read IP mode file for STMicroelectronics.X-CUBE-AZRTOS-WL.2.0.0
2024-03-26 14:08:39,522 [WARN] PackLoader:240 - Cannot read IP mode file for WES.I-CUBE-Cesium.1.3.0
2024-03-26 14:08:39,528 [WARN] PackLoader:240 - Cannot read IP mode file for STMicroelectronics.X-CUBE-BLE2.3.3.0
2024-03-26 14:08:39,536 [WARN] PackLoader:240 - Cannot read IP mode file for STMicroelectronics.X-CUBE-ALGOBUILD.1.3.0
2024-03-26 14:08:39,557 [WARN] PackLoader:240 - Cannot read IP mode file for STMicroelectronics.X-CUBE-AZRTOS-G0.1.1.0
2024-03-26 14:08:39,564 [WARN] PackLoader:240 - Cannot read IP mode file for STMicroelectronics.X-CUBE-NFC4.3.0.0
2024-03-26 14:08:39,569 [WARN] PackLoader:240 - Cannot read IP mode file for STMicroelectronics.FP-ATR-SIGFOX1.3.2.0
2024-03-26 14:08:39,575 [WARN] PackLoader:240 - Cannot read IP mode file for STMicroelectronics.X-CUBE-EEPRMA1.5.1.0
2024-03-26 14:08:39,656 [WARN] PackLoader:240 - Cannot read IP mode file for SEGGER.I-CUBE-embOS.1.3.1
2024-03-26 14:08:39,715 [WARN] PackLoader:240 - Cannot read IP mode file for STMicroelectronics.X-CUBE-GNSS1.6.0.0
2024-03-26 14:08:39,739 [WARN] PackLoader:240 - Cannot read IP mode file for STMicroelectronics.X-CUBE-AZRTOS-F4.1.1.0
2024-03-26 14:08:39,748 [WARN] PackLoader:240 - Cannot read IP mode file for wolfSSL.I-CUBE-wolfSSL.5.6.6
2024-03-26 14:08:39,774 [INFO] WebApp:192 - Starting web application
2024-03-26 14:08:39,775 [INFO] WebApp:544 - Web application path used C:\ST\STM32CubeIDE_1.14.1\STM32CubeIDE\plugins\com.st.stm32cube.common.mx_6.10.0.202311202037\db\plugins\mcufinder\reactClient1\index.html
2024-03-26 14:08:39,777 [WARN] PackLoader:240 - Cannot read IP mode file for STMicroelectronics.X-CUBE-AZRTOS-L5.2.0.0
2024-03-26 14:08:39,793 [WARN] PackLoader:240 - Cannot read IP mode file for STMicroelectronics.X-CUBE-NFC6.3.1.0
2024-03-26 14:08:39,803 [WARN] PackLoader:240 - Cannot read IP mode file for ITTIA_DB.I-CUBE-ITTIADB.8.8.0
2024-03-26 14:08:39,812 [WARN] PackLoader:240 - Cannot read IP mode file for STMicroelectronics.X-CUBE-NFC7.1.0.1
2024-03-26 14:08:39,827 [WARN] PackLoader:240 - Cannot read IP mode file for STMicroelectronics.X-CUBE-NFC6.3.0.0
2024-03-26 14:08:39,836 [WARN] PackLoader:240 - Cannot read IP mode file for STMicroelectronics.X-CUBE-AI.8.1.0
2024-03-26 14:08:39,854 [WARN] ConditionMgr:438 - getConditionDescription Invalid condition id : LAN8742 Phy interface Condition cause : null
2024-03-26 14:08:39,855 [WARN] PackLoader:240 - Cannot read IP mode file for STMicroelectronics.X-CUBE-AZRTOS-L4.2.0.0
2024-03-26 14:08:39,859 [WARN] ConditionMgr:1039 - genDependencies : Invalid condition id : LAN8742 Phy interface Condition cause : null
2024-03-26 14:08:39,859 [WARN] ConditionMgr:1039 - genDependencies : Invalid condition id : LAN8742 Phy interface Condition cause : null
2024-03-26 14:08:39,861 [WARN] ConditionMgr:1039 - genDependencies : Invalid condition id : LAN8742 Phy interface Condition cause : null
2024-03-26 14:08:39,876 [WARN] PackLoader:240 - Cannot read IP mode file for STMicroelectronics.X-CUBE-SFXS2LP1.4.0.0
2024-03-26 14:08:39,893 [WARN] ConditionMgr:438 - getConditionDescription Invalid condition id : UX DEVICE CLASS RTOS Condition cause : null
2024-03-26 14:08:39,893 [WARN] ConditionMgr:438 - getConditionDescription Invalid condition id : UX DEVICE CLASS RTOS Condition cause : null
2024-03-26 14:08:39,896 [WARN] PackLoader:240 - Cannot read IP mode file for STMicroelectronics.X-CUBE-AZRTOS-WB.2.0.0
2024-03-26 14:08:39,897 [WARN] ConditionMgr:1039 - genDependencies : Invalid condition id : UX DEVICE CLASS RTOS Condition cause : null
2024-03-26 14:08:39,897 [WARN] ConditionMgr:1039 - genDependencies : Invalid condition id : UX DEVICE CLASS RTOS Condition cause : null
2024-03-26 14:08:39,898 [WARN] ConditionMgr:1039 - genDependencies : Invalid condition id : UX DEVICE CLASS RTOS Condition cause : null
2024-03-26 14:08:39,898 [WARN] ConditionMgr:1039 - genDependencies : Invalid condition id : UX DEVICE CLASS RTOS Condition cause : null
2024-03-26 14:08:39,898 [WARN] ConditionMgr:1039 - genDependencies : Invalid condition id : UX DEVICE CLASS RTOS Condition cause : null
2024-03-26 14:08:39,908 [WARN] PackLoader:240 - Cannot read IP mode file for STMicroelectronics.X-CUBE-SUBG2.5.0.0
2024-03-26 14:08:39,931 [WARN] PackLoader:240 - Cannot read IP mode file for STMicroelectronics.X-CUBE-AZRTOS-G4.2.0.0
2024-03-26 14:08:39,949 [WARN] PackLoader:240 - Cannot read IP mode file for Infineon.AIROC-Wi-Fi-Bluetooth-STM32.1.5.1
2024-03-26 14:08:39,957 [WARN] PackLoader:240 - Cannot read IP mode file for STMicroelectronics.FP-SNS-MOTENVWB1.1.3.1
2024-03-26 14:08:39,961 [WARN] PackLoader:240 - Cannot read IP mode file for STMicroelectronics.X-CUBE-ISPU.2.0.0
2024-03-26 14:08:40,006 [WARN] PackLoader:240 - Cannot read IP mode file for STMicroelectronics.X-CUBE-MEMS1.10.0.0
2024-03-26 14:08:40,194 [WARN] PackLoader:240 - Cannot read IP mode file for STMicroelectronics.X-CUBE-FREERTOS.1.1.0
2024-03-26 14:08:40,200 [WARN] PackLoader:240 - Cannot read IP mode file for portGmbH.I-Cube-SoM-uGOAL.1.1.0
2024-03-26 14:08:40,205 [WARN] PackLoader:240 - Cannot read IP mode file for STMicroelectronics.X-CUBE-ALS.1.0.1
2024-03-26 14:08:40,210 [WARN] PackLoader:240 - Cannot read IP mode file for STMicroelectronics.FP-ATR-ASTRA1.2.0.0
2024-03-26 14:08:40,221 [WARN] PackLoader:240 - Cannot read IP mode file for STMicroelectronics.X-CUBE-TOF1.3.4.0
2024-03-26 14:08:40,250 [WARN] PackLoader:240 - Cannot read IP mode file for STMicroelectronics.X-CUBE-TOF1.3.4.1
2024-03-26 14:08:40,290 [WARN] PackLoader:240 - Cannot read IP mode file for STMicroelectronics.X-CUBE-AZRTOS-H7.3.2.0
2024-03-26 14:08:40,294 [INFO] ThirdParty:978 - Integrity check success = true
2024-03-26 14:08:40,294 [INFO] IntegrityCheckThread:100 - exiting critical section [integrity check]
2024-03-26 14:08:40,294 [INFO] IntegrityCheckThread:103 - End integrity checks thread
2024-03-26 14:09:02,068 [ERROR] LogOutputStream:75 - [STDERR_REDIRECT] 
2024-03-26 14:09:17,605 [INFO] Activator:176 - 


2024-03-26 14:09:17,607 [INFO] Activator:177 - !SESSION log4j initialized
2024-03-26 14:09:20,277 [INFO] LogOutputStream:77 - [STDOUT_REDIRECT] 
2024-03-26 14:09:36,173 [INFO] ApplicationProperties:184 - Using Application install path: C:\ST\STM32CubeIDE_1.14.1\STM32CubeIDE\plugins\com.st.stm32cube.common.mx_6.10.0.202311202037
2024-03-26 14:09:36,196 [INFO] DbMcusXml:78 - Set database path to: C:\ST\STM32CubeIDE_1.14.1\STM32CubeIDE\plugins\com.st.stm32cube.common.mx_6.10.0.202311202037\\db\/mcu/
2024-03-26 14:09:36,196 [INFO] ApiDb:274 - Set plugin database path to: C:\ST\STM32CubeIDE_1.14.1\STM32CubeIDE\plugins\com.st.stm32cube.common.mx_6.10.0.202311202037\\db\/plugins/boardmanager/
2024-03-26 14:09:36,197 [WARN] ApiDb:259 - Overriding images path with different value:  => C:\ST\STM32CubeIDE_1.14.1\STM32CubeIDE\plugins\com.st.stm32cube.common.mx_6.10.0.202311202037\\db\/plugins/mcufinder/images/
2024-03-26 14:09:36,203 [INFO] ApiDb:250 - Set database path to: C:\Users\wush0\.stmcufinder\plugins\mcufinder//mcu/
2024-03-26 14:09:36,204 [INFO] DbMcusAds:125 - Set database path to: C:\Users\wush0\.stmcufinder\plugins\mcufinder//mcu/
2024-03-26 14:09:36,242 [INFO] CrossReferenceDbSqlite:203 - Set database path to: C:\Users\wush0\.stmcufinder\plugins\mcufinder//mcu/cs/
2024-03-26 14:09:36,386 [INFO] RulesReader:64 - Compatibility file has been processed (297 Rules)
2024-03-26 14:09:36,483 [INFO] DbMcusXml:78 - Set database path to: C:\ST\STM32CubeIDE_1.14.1\STM32CubeIDE\plugins\com.st.stm32cube.common.mx_6.10.0.202311202037\\db\/mcu/
2024-03-26 14:09:36,483 [INFO] ApiDb:274 - Set plugin database path to: C:\ST\STM32CubeIDE_1.14.1\STM32CubeIDE\plugins\com.st.stm32cube.common.mx_6.10.0.202311202037\\db\/plugins/boardmanager/
2024-03-26 14:09:36,483 [INFO] ApiDb:261 - Set plugin images path to: C:\ST\STM32CubeIDE_1.14.1\STM32CubeIDE\plugins\com.st.stm32cube.common.mx_6.10.0.202311202037\\db\/plugins/mcufinder/images/
2024-03-26 14:09:36,483 [WARN] DbFile:41 - Overriding database path with different value: C:\Users\wush0\.stmcufinder\plugins\mcufinder/ => C:\Users\wush0\.stmcufinder\plugins\mcufinder
2024-03-26 14:09:36,483 [INFO] ApiDb:250 - Set database path to: C:\Users\wush0\.stmcufinder\plugins\mcufinder//mcu/
2024-03-26 14:09:36,483 [WARN] DbFile:41 - Overriding database path with different value: C:\Users\wush0\.stmcufinder\plugins\mcufinder/ => C:\Users\wush0\.stmcufinder\plugins\mcufinder
2024-03-26 14:09:36,484 [INFO] DbMcusAds:125 - Set database path to: C:\Users\wush0\.stmcufinder\plugins\mcufinder//mcu/
2024-03-26 14:09:36,484 [WARN] DbFile:41 - Overriding database path with different value: C:\Users\wush0\.stmcufinder\plugins\mcufinder/ => C:\Users\wush0\.stmcufinder\plugins\mcufinder
2024-03-26 14:09:36,484 [WARN] DbFile:41 - Overriding database path with different value: C:\Users\wush0\.stmcufinder\plugins\mcufinder/ => C:\Users\wush0\.stmcufinder\plugins\mcufinder
2024-03-26 14:09:36,484 [INFO] CrossReferenceDbSqlite:203 - Set database path to: C:\Users\wush0\.stmcufinder\plugins\mcufinder//mcu/cs/
2024-03-26 14:09:36,562 [INFO] MainPanel:264 - HeapMemory: 268435456
2024-03-26 14:09:36,630 [INFO] DbMcusXml:78 - Set database path to: C:\ST\STM32CubeIDE_1.14.1\STM32CubeIDE\plugins\com.st.stm32cube.common.mx_6.10.0.202311202037\\db\/mcu/
2024-03-26 14:09:36,630 [INFO] ApiDb:274 - Set plugin database path to: C:\ST\STM32CubeIDE_1.14.1\STM32CubeIDE\plugins\com.st.stm32cube.common.mx_6.10.0.202311202037\\db\/plugins/boardmanager/
2024-03-26 14:09:36,630 [INFO] ApiDb:261 - Set plugin images path to: C:\ST\STM32CubeIDE_1.14.1\STM32CubeIDE\plugins\com.st.stm32cube.common.mx_6.10.0.202311202037\\db\/plugins/mcufinder/images/
2024-03-26 14:09:36,630 [WARN] DbFile:41 - Overriding database path with different value: C:\Users\wush0\.stmcufinder\plugins\mcufinder/ => C:\Users\wush0\.stmcufinder\plugins\mcufinder
2024-03-26 14:09:36,630 [INFO] ApiDb:250 - Set database path to: C:\Users\wush0\.stmcufinder\plugins\mcufinder//mcu/
2024-03-26 14:09:36,631 [WARN] DbFile:41 - Overriding database path with different value: C:\Users\wush0\.stmcufinder\plugins\mcufinder/ => C:\Users\wush0\.stmcufinder\plugins\mcufinder
2024-03-26 14:09:36,631 [INFO] DbMcusAds:125 - Set database path to: C:\Users\wush0\.stmcufinder\plugins\mcufinder//mcu/
2024-03-26 14:09:36,631 [WARN] DbFile:41 - Overriding database path with different value: C:\Users\wush0\.stmcufinder\plugins\mcufinder/ => C:\Users\wush0\.stmcufinder\plugins\mcufinder
2024-03-26 14:09:36,631 [WARN] DbFile:41 - Overriding database path with different value: C:\Users\wush0\.stmcufinder\plugins\mcufinder/ => C:\Users\wush0\.stmcufinder\plugins\mcufinder
2024-03-26 14:09:36,631 [INFO] CrossReferenceDbSqlite:203 - Set database path to: C:\Users\wush0\.stmcufinder\plugins\mcufinder//mcu/cs/
2024-03-26 14:09:36,644 [INFO] ApplicationProperties:184 - Using Application install path: C:\ST\STM32CubeIDE_1.14.1\STM32CubeIDE\plugins\com.st.stm32cube.common.mx_6.10.0.202311202037
2024-03-26 14:09:36,645 [INFO] PluginManage:196 - Search for loadable plugins [exclusion list=, ]
2024-03-26 14:09:36,646 [INFO] PluginManage:310 - Check plugin analytics
2024-03-26 14:09:41,797 [ERROR] UserSpecificationFactory:77 - User Specification File corrupted: 
2024-03-26 14:09:41,873 [ERROR] ContextValidator:36 - private java.util.Map com.st.library.analyticscore.AnalyticsContext.userSpec is null
2024-03-26 14:09:41,877 [INFO] CADModel:105 - Init CAD model plugin
